feature_matrix: [[4.75]
 [3.5 ]
 [4.75]
 ...
 [0.  ]
 [0.  ]
 [3.5 ]]
user_ratings: [[4.75 3.5  4.75 ... 0.   0.   3.5 ]]
feature_matrix: [[4.75]
 [3.5 ]
 [4.75]
 ...
 [0.  ]
 [0.  ]
 [3.5 ]]
user_ratings: [[4.75 3.5  4.75 ... 0.   0.   3.5 ]]
feature_matrix: [[4.75]
 [3.5 ]
 [4.75]
 ...
 [0.  ]
 [0.  ]
 [3.5 ]]
user_ratings: [[4.75 3.5  4.75 ... 0.   0.   3.5 ]]
feature_matrix: [[4.75]
 [3.5 ]
 [4.75]
 ...
 [0.  ]
 [0.  ]
 [3.5 ]]
user_ratings: [[4.75 3.5  4.75 ... 0.   0.   3.5 ]]
feature_matrix: [[4.75]
 [3.5 ]
 [4.75]
 ...
 [0.  ]
 [0.  ]
 [3.5 ]]
user_ratings: [[4.75 3.5  4.75 ... 0.   0.   3.5 ]]
feature_matrix: [[4.75]
 [3.5 ]
 [4.75]
 ...
 [0.  ]
 [0.  ]
 [3.5 ]]
user_ratings: [[4.75 3.5  4.75 ... 0.   0.   3.5 ]]
feature_matrix: [[4.75]
 [3.5 ]
 [4.75]
 ...
 [0.  ]
 [0.  ]
 [3.5 ]]
user_ratings: [[4.75 3.5  4.75 ... 0.   0.   3.5 ]]
feature_matrix: [[4.75]
 [3.5 ]
 [4.75]
 ...
 [0.  ]
 [0.  ]
 [3.5 ]]
user_ratings: [[4.75 3.5  4.75 ... 0.   0.   3.5 ]]
feature_matrix: [[4.75]
 [3.5 ]
 [4.75]
 ...
 [0.  ]
 [0.  ]
 [3.5 ]]
user_ratings: [[4.75 3.5  4.75 ... 0.   0.   3.5 ]]
feature_matrix: [[4.75]
 [3.5 ]
 [4.75]
 ...
 [0.  ]
 [0.  ]
 [3.5 ]]
user_ratings: [[4.75 3.5  4.75 ... 0.   0.   3.5 ]]
feature_matrix: [[4.75]
 [3.5 ]
 [4.75]
 ...
 [0.  ]
 [0.  ]
 [3.5 ]]
user_ratings: [[4.75 3.5  4.75 ... 0.   0.   3.5 ]]
feature_matrix: [[4.75]
 [3.5 ]
 [4.75]
 ...
 [0.  ]
 [0.  ]
 [3.5 ]]
user_ratings: [[4.75 3.5  4.75 ... 0.   0.   3.5 ]]
feature_matrix: [[4.75]
 [3.5 ]
 [4.75]
 ...
 [0.  ]
 [0.  ]
 [3.5 ]]
user_ratings: [[4.75 3.5  4.75 ... 0.   0.   3.5 ]]
feature_matrix: [[4.75]
 [3.5 ]
 [4.75]
 ...
 [0.  ]
 [0.  ]
 [3.5 ]]
user_ratings: [[4.75 3.5  4.75 ... 0.   0.   3.5 ]]
