Sixpence None The Richer (ID: 85)
Outkast (ID: 78)
Trolls (ID: 3114)
Earth, Wind & Fire (ID: 93)
KISS (ID: 77)
The Clash (ID: 101)
Nirvana (ID: 71)
The Goo Goo Dolls (ID: 96)
My Chemical Romance (ID: 64)
Snow Patrol (ID: 118)
The Beatles (ID: 115)
Whitney Houston (ID: 430)
Lorde (ID: 97)
Steve Lacy (ID: 112)
Portugal. The Man (ID: 69)
Train (ID: 75)
Daryl Hall & John Oates (ID: 73)
Sleepy Hallow (ID: 6)
Nelly (ID: 4)
Twenty One Pilots (ID: 38)
Eagles (ID: 79)
Ne-Yo (ID: 10)
James Blunt (ID: 9)
Vance Joy (ID: 60)
Guns N' Roses (ID: 91)
M83 (ID: 40)
Surf Curse (ID: 90)
Red Hot Chili Peppers (ID: 36)
Green Day (ID: 103)
Gnarls Barkley (ID: 57)
GROUPLOVE (ID: 13)
The Neighbourhood (ID: 74)
The Lumineers (ID: 95)
Jimmy Eat World (ID: 44)
Foster The People (ID: 15)
Elton John (ID: 108)
Toploader (ID: 81)
Tears For Fears (ID: 19)
David Bowie (ID: 50)
The White Stripes (ID: 52)
The Killers (ID: 24)
The Weeknd (ID: 46)
Capital Cities (ID: 29)
Tammi Terrell (ID: 106)
fun. (ID: 32)
Doja Cat (ID: 255)
Adele (ID: 3)
De La Soul (ID: 26)
Kimbra (ID: 42)
No Doubt (ID: 3246)
6ix9ine (ID: 3247)
Linkin Park (ID: 215)
George Michael (ID: 194)
Eyedress (ID: 249)
Kali Uchis (ID: 170)
Led Zeppelin (ID: 200)
Icona Pop (ID: 177)
Pink Floyd (ID: 144)
Kate Bush (ID: 187)
Funk Wav (ID: 152)
AC/DC (ID: 163)
Fleetwood Mac (ID: 27)
Amy Winehouse (ID: 235)
The Temptations (ID: 211)
Justin Timberlake (ID: 247)
Elvis Presley (ID: 233)
System Of A Down (ID: 213)
Chappell Roan (ID: 197)
The Animals (ID: 181)
girl in red (ID: 156)
Pixies (ID: 137)
Annie Lennox (ID: 218)
The Mamas & The Papas (ID: 196)
Eurythmics (ID: 217)
Aerosmith (ID: 125)
Cigarettes After Sex (ID: 225)
R.E.M. (ID: 123)
5 Seconds of Summer (ID: 174)
Dua Lipa (ID: 209)
Katy Perry (ID: 150)
Kanye West (ID: 243)
Joji (ID: 167)
Nickelback (ID: 238)
Daft Punk (ID: 131)
Pharrell Williams (ID: 132)
TV Girl (ID: 139)
3 Doors Down (ID: 241)
Nile Rodgers (ID: 133)
YUNGBLUD (ID: 2194)
Wham! (ID: 175)
Calvin Harris (ID: 143)
ABBA (ID: 128)
Sam Smith (ID: 203)
Selena Gomez (ID: 534)
Charli xcx (ID: 178)
Dwele (ID: 244)
Avril Lavigne (ID: 140)
Bee Gees (ID: 135)
The Jackson 5 (ID: 166)
Electric Light Orchestra (ID: 35)
Ed Sheeran (ID: 2)
Ryan Lewis (ID: 309)
SZA (ID: 256)
Seafret (ID: 337)
Bryan Adams (ID: 420)
Robin Schulz (ID: 305)
Van Halen (ID: 342)
Mark Ronson (ID: 295)
Natasha Bedingfield (ID: 361)
Van Morrison (ID: 290)
Avicii (ID: 373)
Shaggy (ID: 323)
Macklemore (ID: 308)
Jason Mraz (ID: 318)
USHER (ID: 425)
Kygo (ID: 346)
Conan Gray (ID: 377)
Kungs (ID: 421)
Swedish House Mafia (ID: 388)
Mike Posner (ID: 390)
Papa Roach (ID: 330)
Majid Jordan (ID: 356)
Taylor Swift (ID: 254)
Bill Withers (ID: 353)
JAY-Z (ID: 299)
Fall Out Boy (ID: 262)
d4vd (ID: 397)
The Offspring (ID: 253)
Normani (ID: 409)
Sia (ID: 387)
Kodaline (ID: 381)
Hotel Ugly (ID: 274)
Khalid (ID: 280)
Evanescence (ID: 385)
Bob Marley & The Wailers (ID: 372)
One Direction (ID: 322)
Owl City (ID: 276)
Drake (ID: 355)
Sabrina Carpenter (ID: 298)
Wiz Khalifa (ID: 400)
David Guetta (ID: 410)
ROZES (ID: 268)
Beyoncé (ID: 416)
Jason Derulo (ID: 334)
Ty Dolla $ign (ID: 404)
Lynyrd Skynyrd (ID: 374)
Francesco Yates (ID: 306)
Wanz (ID: 310)
Macklemore & Ryan Lewis (ID: 327)
Clairo (ID: 17)
JVKE (ID: 429)
Ariana Grande (ID: 301)
Sean Paul (ID: 563)
Jessie J (ID: 521)
Gym Class Heroes (ID: 473)
AURORA (ID: 490)
Passenger (ID: 499)
Noah Kahan (ID: 453)
P!nk (ID: 442)
Jung Kook (ID: 595)
Tom Odell (ID: 590)
Panic! At The Disco (ID: 468)
Pitbull (ID: 277)
Halsey (ID: 531)
Mitski (ID: 524)
Ice Cube (ID: 481)
Julieta Venegas (ID: 598)
Timbaland (ID: 248)
Martin Garrix (ID: 582)
Jack Ü (ID: 516)
Lizzo (ID: 487)
Chris Stapleton (ID: 608)
Powfu (ID: 510)
Nico & Vinz (ID: 513)
Maren Morris (ID: 610)
Grey (ID: 576)
Artemas (ID: 553)
Nicky Youre (ID: 541)
Noah Cyrus (ID: 444)
Axwell /\ Ingrosso (ID: 616)
Dido (ID: 559)
Keri Hilson (ID: 570)
Axwell (ID: 617)
Adam Levine (ID: 474)
PNAU (ID: 581)
TLC (ID: 554)
Shakira (ID: 471)
Lil Nas X (ID: 500)
James Bay (ID: 574)
Danny Ocean (ID: 585)
Lilly Wood and The Prick (ID: 431)
Shawn Mendes (ID: 441)
Survivor (ID: 436)
Nayer (ID: 458)
Conrad Sewell (ID: 463)
Bomba Estéreo (ID: 497)
Felix Jaehn (ID: 527)
Wizkid (ID: 600)
Jay Rock (ID: 603)
Nyla (ID: 620)
Audioslave (ID: 3248)
Chris Jedi (ID: 3249)
Dakota (ID: 656)
Jack Harlow (ID: 728)
Rosa Linn (ID: 802)
Teddy Swims (ID: 732)
Cardi B (ID: 734)
bbno$ (ID: 636)
Patrick Watson (ID: 673)
Julia Michaels (ID: 622)
MNEK (ID: 757)
Paulo Londra (ID: 803)
Anne-Marie (ID: 717)
KYLE (ID: 642)
Tones And I (ID: 808)
Jaymes Young (ID: 766)
XXXTENTACION (ID: 715)
Brando (ID: 695)
Eslabon Armado (ID: 692)
Florida Georgia Line (ID: 682)
Manuel Turizo (ID: 760)
Gigi D'Agostino (ID: 812)
Peso Pluma (ID: 693)
Kodak Black (ID: 691)
DJ Snake (ID: 231)
Christina Perri (ID: 775)
MØ (ID: 394)
Kacey Musgraves (ID: 769)
Chase Atlantic (ID: 743)
Dr. Dre (ID: 813)
NF (ID: 780)
Demi Lovato (ID: 699)
Regard (ID: 781)
GIVĒON (ID: 788)
Gucci Mane (ID: 689)
Meghan Trainor (ID: 789)
H.E.R. (ID: 810)
GAYLE (ID: 794)
Christina Aguilera (ID: 723)
Shaboozey (ID: 799)
Maluma (ID: 771)
Liam Payne (ID: 662)
Calum Scott (ID: 713)
Lost Frequencies (ID: 711)
Dan Caplen (ID: 707)
BTS (ID: 795)
Coolio (ID: 660)
Dhvani Bhanushali (ID: 3250)
Indila (ID: 3251)
Daya (ID: 629)
Mr. Probz (ID: 697)
J. Cole (ID: 645)
David Kushner (ID: 644)
21 Savage (ID: 905)
Lil Uzi Vert (ID: 961)
Kina (ID: 931)
Dhruv (ID: 848)
Bryson Tiller (ID: 864)
Future (ID: 935)
MEDUZA (ID: 855)
DJ Nelson (ID: 939)
Trevor Daniel (ID: 858)
SAINt JHN (ID: 876)
Fetty Wap (ID: 974)
Masked Wolf (ID: 989)
Plan B (ID: 861)
LISA (ID: 979)
A$AP Rocky (ID: 981)
Gunna (ID: 937)
Anuel AA (ID: 984)
Latto (ID: 852)
Yng Lvcas (ID: 991)
Metro Boomin (ID: 906)
Ozuna (ID: 943)
Jawsh 685 (ID: 998)
Don Omar (ID: 887)
DJ Khaled (ID: 862)
Migos (ID: 272)
Riton (ID: 926)
Megan Thee Stallion (ID: 942)
Mufasa & Hypeman (ID: 928)
Becky G (ID: 946)
50 Cent (ID: 860)
Topic (ID: 963)
A7S (ID: 964)
Sheck Wes (ID: 1008)
Chencho Corleone (ID: 898)
Dan + Shay (ID: 1020)
iann dior (ID: 870)
Olivia O'Brien (ID: 886)
Mufasa (ID: 929)
William Singe (ID: 997)
Desiigner (ID: 972)
Tiësto (ID: 971)
Fifth Harmony (ID: 818)
Guru Randhawa (ID: 3252)
Rauw Alejandro (ID: 509)
LMFAO (ID: 3253)
Rae Sremmurd (ID: 823)
PARTYNEXTDOOR (ID: 913)
Alan Walker (ID: 832)
Pedro Capó (ID: 909)
Willy William (ID: 883)
ROSALÍA (ID: 842)
Benson Boone (ID: 594)
Kelly Rowland (ID: 5)
YoungBoy Never Broke Again (ID: 1295)
Bebe Rexha (ID: 539)
G-Eazy (ID: 538)
Wallows (ID: 16)
Jessie Reyez (ID: 1131)
Casper Magico (ID: 1037)
Silk Sonic (ID: 1152)
Cris Mj (ID: 1048)
Quavo (ID: 573)
Arcane (ID: 1124)
Bad Bunny (ID: 496)
DaBaby (ID: 1055)
Tyga (ID: 1024)
Jamie Foxx (ID: 424)
Travis Scott (ID: 822)
will.i.am (ID: 703)
Playboi Carti (ID: 1027)
Baby Keem (ID: 7)
Young Miko (ID: 867)
Bobby Helms (ID: 1058)
Fuse ODG (ID: 621)
Chris Brown (ID: 1046)
Justin Bieber (ID: 519)
Andy Williams (ID: 1068)
Darell (ID: 1039)
NAV (ID: 1045)
YNW Melly (ID: 1069)
Lil Baby (ID: 1063)
Juicy J (ID: 1148)
Y2K (ID: 635)
Lily-Rose Depp (ID: 1229)
Sandro Cavazza (ID: 1168)
Nate Dogg (ID: 1202)
Dina Rae (ID: 1214)
Trippie Redd (ID: 1284)
Tame Impala (ID: 14)
Lil Tecca (ID: 1031)
Franz Ferdinand (ID: 18)
Cage The Elephant (ID: 22)
Florence + The Machine (ID: 30)
Billy Joel (ID: 61)
Milky Chance (ID: 53)
Of Monsters and Men (ID: 87)
Kendrick Lamar (ID: 8)
Gorillaz (ID: 25)
BØRNS (ID: 12)
J Balvin (ID: 670)
Tate McRae (ID: 800)
Tyla (ID: 1014)
Foo Fighters (ID: 84)
Hozier (ID: 88)
Keane (ID: 80)
Black Sabbath (ID: 227)
Beach House (ID: 164)
Michael Jackson (ID: 188)
Hoobastank (ID: 107)
Dominic Fike (ID: 94)
a-ha (ID: 65)
Big Sean (ID: 151)
Harry Styles (ID: 48)
Plain White T's (ID: 126)
Arctic Monkeys (ID: 11)
Tove Lo (ID: 142)
The Cranberries (ID: 114)
4 Non Blondes (ID: 176)
The Fray (ID: 192)
Imagine Dragons (ID: 129)
TOTO (ID: 59)
Bipolar Sunshine (ID: 232)
Simple Minds (ID: 120)
Smash Mouth (ID: 130)
Journey (ID: 234)
Oasis (ID: 54)
Beach Weather (ID: 100)
The Police (ID: 134)
Childish Gambino (ID: 147)
Bruno Mars (ID: 58)
Disclosure (ID: 202)
MAGIC! (ID: 157)
OneRepublic (ID: 185)
Blur (ID: 67)
WALK THE MOON (ID: 212)
Djo (ID: 183)
Dave Stewart (ID: 219)
Men At Work (ID: 223)
Metallica (ID: 207)
Britney Spears (ID: 245)
Queen (ID: 49)
Swae Lee (ID: 169)
Radiohead (ID: 51)
Empire Of The Sun (ID: 28)
Gotye (ID: 41)
WILLOW (ID: 43)
blink-182 (ID: 89)
Madonna (ID: 1259)
American Authors (ID: 111)
Kings of Leon (ID: 23)
Marvin Gaye (ID: 105)
DNCE (ID: 70)
Cookin' On 3 Burners (ID: 422)
X Ambassadors (ID: 402)
Lil Yachty (ID: 643)
Camila Cabello (ID: 1)
Eminem (ID: 407)
Niall Horan (ID: 210)
Foreigner (ID: 312)
Clean Bandit (ID: 282)
Logic (ID: 403)
Dire Straits (ID: 273)
Rage Against The Machine (ID: 376)
Frank Ocean (ID: 271)
Nelly Furtado (ID: 257)
Tyler, The Creator (ID: 205)
Cyndi Lauper (ID: 250)
KALEO (ID: 289)
Macklemore & Ryan Lewis (ID: 307)
Ben E. King (ID: 321)
Glass Animals (ID: 378)
Ryan Lewis (ID: 326)
Jess Glynne (ID: 283)
Flo Rida (ID: 395)
Alicia Keys (ID: 300)
MKTO (ID: 379)
Rik Rok (ID: 324)
Lord Huron (ID: 340)
John Martin (ID: 389)
Parson James (ID: 347)
Rihanna (ID: 240)
John Newman (ID: 292)
Major Lazer (ID: 392)
George Ezra (ID: 182)
The Chainsmokers (ID: 267)
Billie Eilish (ID: 127)
The Outfield (ID: 138)
Edward Sharpe & The Magnetic Zeros (ID: 153)
U2 (ID: 172)
Ray Dalton (ID: 328)
The Walters (ID: 179)
Stephen Sanchez (ID: 335)
Colby O'Donis (ID: 367)
Maroon 5 (ID: 21)
Bon Jovi (ID: 173)
Tracy Chapman (ID: 242)
Seeb (ID: 391)
Jonas Brothers (ID: 286)
Lady Gaga (ID: 228)
Post Malone (ID: 92)
Backstreet Boys (ID: 406)
Snoop Dogg (ID: 294)
Kyla (ID: 601)
Miley Cyrus (ID: 296)
Rudimental (ID: 704)
JP Saxe (ID: 708)
blackbear (ID: 551)
Carly Rae Jepsen (ID: 498)
Tommy Richman (ID: 647)
Lukas Graham (ID: 710)
Paul McCartney (ID: 435)
Kesha (ID: 479)
New West (ID: 440)
*NSYNC (ID: 447)
Zedd (ID: 486)
The Notorious B.I.G. (ID: 480)
Skrillex (ID: 517)
Surfaces (ID: 467)
Diplo (ID: 518)
OMI (ID: 526)
Zara Larsson (ID: 484)
hey daisy (ID: 542)
Olivia Rodrigo (ID: 221)
ZAYN (ID: 475)
Tory Lanez (ID: 584)
Ruth B. (ID: 748)
Tainy (ID: 596)
The Kid LAROI (ID: 700)
Marshmello (ID: 451)
Zach Bryan (ID: 675)
Nicki Minaj (ID: 470)
Spice Girls (ID: 359)
The Script (ID: 275)
Bazzi (ID: 336)
Bastille (ID: 124)
Lana Del Rey (ID: 224)
Nate Ruess (ID: 443)
Black Eyed Peas (ID: 226)
AFROJACK (ID: 456)
Lil Wayne (ID: 399)
Måneskin (ID: 313)
Wyclef Jean (ID: 472)
Miguel (ID: 638)
Kid Cudi (ID: 478)
Zacari (ID: 494)
Charlie Puth (ID: 482)
Taio Cruz (ID: 460)
Akon (ID: 658)
L.V. (ID: 661)
WATT (ID: 683)
JP Cooper (ID: 685)
Lil Jon (ID: 730)
T-Pain (ID: 738)
Morgan Wallen (ID: 641)
Lil Mosey (ID: 973)
Billy Ray Cyrus (ID: 816)
Farruko (ID: 910)
Jonas Blue (ID: 655)
Gesaffelstein (ID: 630)
Quevedo (ID: 773)
Dean Lewis (ID: 843)
Mabel (ID: 875)
John Legend (ID: 674)
Imanbek (ID: 877)
Ava Max (ID: 793)
A Boogie Wit da Hoodie (ID: 846)
Nightcrawlers (ID: 927)
Iyaz (ID: 807)
Daniel Caesar (ID: 787)
Elley Duhé (ID: 854)
French Montana (ID: 776)
Nicky Jam (ID: 1001)
Lewis Capaldi (ID: 739)
Luke Combs (ID: 845)
Dynoro (ID: 811)
ROSÉ (ID: 820)
BLACKPINK (ID: 1011)
Juice WRLD (ID: 791)
24kGoldn (ID: 869)
Mario (ID: 948)
Lunay (ID: 965)
Young Thug (ID: 753)
Em Beihold (ID: 505)
beabadoobee (ID: 511)
Sebastian Ingrosso (ID: 618)
A Great Big World (ID: 722)
Arizona Zervas (ID: 733)
Lauv (ID: 537)
Dennis Lloyd (ID: 672)
Grupo Frontera (ID: 588)
benny blanco (ID: 676)
Loud Luxury (ID: 694)
R. City (ID: 762)
Ludacris (ID: 731)
Alessia Cara (ID: 561)
Goodboys (ID: 856)
Lucenzo (ID: 919)
Chance the Rapper (ID: 923)
Dopamine (ID: 930)
Snøw (ID: 932)
Olivia (ID: 950)
Oh Wonder (ID: 962)
Snow (ID: 977)
Skepta (ID: 982)
FloyyMenor (ID: 1047)
Daddy Yankee (ID: 917)
BlocBoy JB (ID: 1052)
KAROL G (ID: 767)
Duncan Laurence (ID: 896)
Jimin (ID: 951)
Mustard (ID: 1018)
James Arthur (ID: 774)
Tems (ID: 1067)
Offset (ID: 1025)
Roddy Ricch (ID: 1013)
gnash (ID: 885)
Ellie Goulding (ID: 778)
Bizarrap (ID: 772)
Lil Peep (ID: 714)
Don Toliver (ID: 868)
JHAYCO (ID: 890)
Feid (ID: 866)
Mariah Carey (ID: 1003)
Brenda Lee (ID: 1007)
Ali Gatie (ID: 1009)
Meek Mill (ID: 1022)
V (ID: 1028)
Michael Bublé (ID: 1032)
Nio Garcia (ID: 1036)
Jay Wheeler (ID: 938)
Internet Money (ID: 1042)
Alec Benjamin (ID: 826)
Myke Towers (ID: 902)
Joel Corry (ID: 956)
Luis Fonsi (ID: 958)
Ha*Ash (ID: 3254)
Thalia (ID: 3255)
Mika Singh (ID: 3256)
Monali Thakur (ID: 3257)
Dhanush (ID: 3258)
Ricardo Arjona (ID: 3259)
Descemer Bueno (ID: 3260)
Melendi (ID: 3261)
Alex Rose (ID: 3262)
Rick Astley (ID: 3263)
Meet Bros. (ID: 3264)
Iggy Azalea (ID: 3265)
Cali Y El Dandee (ID: 3266)
CNCO (ID: 3267)
Mike WiLL Made-It (ID: 3268)
Auli'i Cravalho (ID: 3269)
Lil Pump (ID: 3270)
Europe (ID: 3271)
Bradley Cooper (ID: 1208)
JID (ID: 1123)
Stromae (ID: 3199)
League of Legends (ID: 1125)
Aqua (ID: 3189)
Mikky Ekko (ID: 1135)
Rick Ross (ID: 1293)
Romeo Santos (ID: 3190)
Anderson .Paak (ID: 1151)
Irshad Kamil (ID: 3200)
Polo G (ID: 1057)
Arcángel (ID: 3191)
Disciples (ID: 1195)
JENNIE (ID: 1228)
Vishal-Shekhar (ID: 3192)
Kim Petras (ID: 1241)
Christian Nodal (ID: 3201)
Enrique Iglesias (ID: 3193)
Lil Durk (ID: 1280)
Tanishk Bagchi (ID: 3194)
Sech (ID: 3202)
Pop Smoke (ID: 1071)
Sebastian Yatra (ID: 3195)
Yandel (ID: 3196)
Idina Menzel (ID: 3197)
Jennifer Lopez (ID: 3198)
Coldplay (ID: 34)
The Verve (ID: 39)
Various Artists (ID: 1668)
Jack White (ID: 1337)
Badshah (ID: 3203)
Lenny Tavárez (ID: 3204)
Jubin Nautiyal (ID: 3205)
Ñengo Flow (ID: 3207)
Reik (ID: 3208)
Steve Aoki (ID: 3209)
Piso 21 (ID: 3210)
Little Mix (ID: 3211)
Los Ángeles Azules (ID: 3212)
B Praak (ID: 3213)
Yuvan Shankar Raja (ID: 3240)
DJ Luian (ID: 3214)
Mambo Kingz (ID: 3215)
Vishal Dadlani (ID: 3216)
Bryant Myers (ID: 3217)
Prince Royce (ID: 3218)
Neha Kakkar (ID: 3219)
Carlos Vives (ID: 3220)
Sean Kingston (ID: 3221)
Rahat Fateh Ali Khan (ID: 3222)
NATTI NATASHA (ID: 3223)
Manoj Muntashir (ID: 3224)
Naughty Boy (ID: 3225)
Marc Anthony (ID: 3226)
Rag'n'Bone Man (ID: 3227)
Jesse & Joy (ID: 3228)
Ricky Martin (ID: 3229)
Wisin & Yandel (ID: 3230)
Lyanno (ID: 3231)
Scorpions (ID: 3232)
Noriel (ID: 3233)
Zé Neto & Cristiano (ID: 3234)
Marco Antonio Solís (ID: 3235)
Rashmi Virag (ID: 3236)
Bonnie Tyler (ID: 3237)
Payal Dev (ID: 3238)
Zion & Lennox (ID: 3206)
Cazzu (ID: 3241)
Mau y Ricky (ID: 3242)
Natalia Lafourcade (ID: 3243)
Gente De Zona (ID: 3244)
Kumar Sanu (ID: 3245)
Julius Packiam (Tiger Theme) (ID: 3303)
LP (ID: 3272)
PSY (ID: 3273)
Chino & Nacho (ID: 3274)
Ikka (ID: 3275)
Juhn (ID: 3276)
MC Kevinho (ID: 3277)
Dwayne Johnson (ID: 3278)
Nacho (ID: 3279)
Trap Capos (ID: 3280)
AronChupa (ID: 3281)
Ayo & Teo (ID: 3283)
BIA (ID: 3284)
CantaJuego (ID: 3285)
Carlinhos Brown (ID: 3286)
Crazy Frog (ID: 3287)
Cutty Ranks (ID: 3288)
Dancing Green Alien (ID: 3289)
El Chombo (ID: 3290)
El Guincho (ID: 3291)
Gaby Moreno (ID: 3292)
GoonRock (ID: 3293)
Gulshan Kumar (ID: 3294)
Gummibär (ID: 3295)
Israel Kamakawiwo'ole (ID: 3296)
Jaden (ID: 3297)
Jasmin Walia (ID: 3298)
Jass Manak (ID: 3299)
Joey Montana (ID: 3300)
JoJo Siwa (ID: 3301)
Juan Magán (ID: 3302)
Shia Labeouf (ID: 3324)
Kamal Kahlon (ID: 3304)
Kid Ink (ID: 3305)
Lauren Bennett (ID: 3306)
Lennox (ID: 3307)
Little Sis Nora (ID: 3308)
Mannat Noor (ID: 3310)
MC Fioti (ID: 3311)
Murda Beatz (ID: 3314)
Nego do Borel (ID: 3315)
Neha Bhasin (ID: 3316)
Nikhil D'Souza (ID: 3317)
Nupur Sanon (ID: 3318)
Param Singh (ID: 3319)
Pratik Studio (ID: 3320)
Renuka Panwar (ID: 3321)
Ritesh Pandey (ID: 3322)
Saad Lamjarred (ID: 3323)
Showtek (ID: 3325)
Silentó (ID: 3326)
Sirah (ID: 3327)
The Rolling Stones (ID: 160)
Hailee Steinfeld (ID: 575)
Alesso (ID: 681)
Rema (ID: 834)
Janelle Monáe (ID: 33)
Selena Gomez & The Scene (ID: 239)
Creedence Clearwater Revival (ID: 201)
D.O.E. (ID: 571)
Michel Teló (ID: 3312)
Sneh Upadhya (ID: 3329)
Tony Kakkar (ID: 3330)
VASSY (ID: 3331)
Wolfine (ID: 3332)
Ximena Sariñana (ID: 3333)
Ylvis (ID: 3334)
Yotuel (ID: 3335)
Zack Knight (ID: 3336)
Wisin (ID: 3352)
Zion (ID: 3353)
Akshay Kumar (ID: 3354)
MJ (ID: 3355)
Sky Rompiendo (ID: 3356)
